<?xml version="1.0" encoding="UTF-8"?>
<testng-results ignored="0" total="1" passed="1" failed="0" skipped="0">
  <reporter-output>
  </reporter-output>
  <suite started-at="2018-12-08T18:18:01Z" name="Default suite" finished-at="2018-12-08T18:18:05Z" duration-ms="4528">
    <groups>
    </groups>
    <test started-at="2018-12-08T18:18:01Z" name="Default test" finished-at="2018-12-08T18:18:05Z" duration-ms="4528">
      <class name="SortByName">
        <test-method is-config="true" signature="setters()[pri:0, instance:SortByName@55b0dcab]" started-at="2018-12-08T18:18:01Z" name="setters" finished-at="2018-12-08T18:18:01Z" duration-ms="18" status="PASS">
          <reporter-output>
          </reporter-output>
        </test-method> <!-- setters -->
        <test-method signature="toSortByName()[pri:0, instance:SortByName@55b0dcab]" started-at="2018-12-08T18:18:01Z" name="toSortByName" finished-at="2018-12-08T18:18:05Z" duration-ms="4480" status="PASS">
          <reporter-output>
          </reporter-output>
        </test-method> <!-- toSortByName -->
        <test-method is-config="true" signature="afterTest()[pri:0, instance:SortByName@55b0dcab]" started-at="2018-12-08T18:18:05Z" name="afterTest" finished-at="2018-12-08T18:18:05Z" duration-ms="0" status="PASS">
          <reporter-output>
          </reporter-output>
        </test-method> <!-- afterTest -->
      </class> <!-- SortByName -->
    </test> <!-- Default test -->
  </suite> <!-- Default suite -->
</testng-results>
