<?xml version="1.0" encoding="UTF-8"?>
<testng-results ignored="0" total="1" passed="1" failed="0" skipped="0">
  <reporter-output>
  </reporter-output>
  <suite started-at="2018-12-13T19:46:39Z" name="Default suite" finished-at="2018-12-13T19:46:44Z" duration-ms="4395">
    <groups>
    </groups>
    <test started-at="2018-12-13T19:46:39Z" name="Default test" finished-at="2018-12-13T19:46:44Z" duration-ms="4395">
      <class name="ProductValueCheck">
        <test-method is-config="true" signature="setters2()[pri:0, instance:ProductValueCheck@7d20d0b]" started-at="2018-12-13T19:46:39Z" name="setters2" finished-at="2018-12-13T19:46:39Z" duration-ms="16" status="PASS">
          <reporter-output>
          </reporter-output>
        </test-method> <!-- setters2 -->
        <test-method signature="toVerifyCost()[pri:0, instance:ProductValueCheck@7d20d0b]" started-at="2018-12-13T19:46:40Z" name="toVerifyCost" finished-at="2018-12-13T19:46:44Z" duration-ms="4352" status="PASS">
          <reporter-output>
          </reporter-output>
        </test-method> <!-- toVerifyCost -->
        <test-method is-config="true" signature="afterTest()[pri:0, instance:ProductValueCheck@7d20d0b]" started-at="2018-12-13T19:46:44Z" name="afterTest" finished-at="2018-12-13T19:46:44Z" duration-ms="0" status="PASS">
          <reporter-output>
          </reporter-output>
        </test-method> <!-- afterTest -->
      </class> <!-- ProductValueCheck -->
    </test> <!-- Default test -->
  </suite> <!-- Default suite -->
</testng-results>
